<?xml version="1.0" encoding="UTF-8"?>
<!-- Generated by org.testng.reporters.JUnitReportReporter -->
<testsuite hostname="Ganesh" failures="0" tests="2" name="pomDemo.Demo" time="0.004" errors="0" timestamp="2023-01-23T11:22:41 IST" skipped="0">
  <testcase classname="pomDemo.Demo" name="c" time="0.002"/>
  <system-out/>
  <testcase classname="pomDemo.Demo" name="B" time="0.002"/>
  <system-out/>
</testsuite> <!-- pomDemo.Demo -->
