<?xml version="1.0" encoding="UTF-8"?>
<!-- Generated by org.testng.reporters.JUnitReportReporter -->
<testsuite hostname="Ganesh" failures="0" tests="1" name="pomDemo.Login" time="5.369" errors="0" timestamp="2023-01-18T13:55:31 IST" skipped="0">
  <testcase classname="pomDemo.Login" name="A" time="5.369"/>
  <system-out/>
</testsuite> <!-- pomDemo.Login -->
